<?xml version="1.0" encoding="UTF-8"?>
<!-- Generated by org.testng.reporters.JUnitXMLReporter -->
<testsuite ignored="0" hostname="IN-670QVP3" failures="1" tests="2" name="Test" time="19.592" errors="0" timestamp="2023-04-12T23:36:44 IST">
  <testcase classname="com.RedBus.test.HomePageTest" name="whenClickOnRide" time="4.005">
    <failure type="java.lang.AssertionError" message="expected [false] but found [true]">
      <![CDATA[java.lang.AssertionError: expected [false] but found [true]
at com.RedBus.test.HomePageTest.whenClickOnRide(HomePageTest.java:35)
at java.base/java.util.ArrayList.forEach(ArrayList.java:1540)
... Removed 31 stack frames]]>
    </failure>
  </testcase> <!-- whenClickOnRide -->
  <testcase classname="com.RedBus.test.HomePageTest" name="whenUserclickOnRedBusLogo" time="3.926"/>
</testsuite> <!-- Test -->
