<?xml version="1.0" encoding="UTF-8"?>
<testng-results ignored="0" total="2" passed="1" failed="1" skipped="0">
  <reporter-output>
  </reporter-output>
  <suite started-at="2023-04-12T23:36:25 IST" name="Suite" finished-at="2023-04-12T23:36:44 IST" duration-ms="19592">
    <groups>
    </groups>
    <test started-at="2023-04-12T23:36:25 IST" name="Test" finished-at="2023-04-12T23:36:44 IST" duration-ms="19592">
      <class name="com.RedBus.test.HomePageTest">
        <test-method is-config="true" signature="Initializer()[pri:0, instance:com.RedBus.test.HomePageTest@75d3a5e0]" started-at="2023-04-12T23:36:25 IST" name="Initializer" finished-at="2023-04-12T23:36:27 IST" duration-ms="2167" status="PASS">
          <reporter-output>
          </reporter-output>
        </test-method> <!-- Initializer -->
        <test-method is-config="true" signature="openBrowser()[pri:0, instance:com.RedBus.test.HomePageTest@75d3a5e0]" started-at="2023-04-12T23:36:27 IST" name="openBrowser" finished-at="2023-04-12T23:36:31 IST" duration-ms="4160" status="PASS">
          <reporter-output>
          </reporter-output>
        </test-method> <!-- openBrowser -->
        <test-method signature="whenClickOnRide()[pri:0, instance:com.RedBus.test.HomePageTest@75d3a5e0]" started-at="2023-04-12T23:36:31 IST" name="whenClickOnRide" finished-at="2023-04-12T23:36:35 IST" duration-ms="4005" status="FAIL">
          <exception class="java.lang.AssertionError">
            <message>
              <![CDATA[expected [false] but found [true]]]>
            </message>
            <full-stacktrace>
              <![CDATA[java.lang.AssertionError: expected [false] but found [true]
at org.testng.Assert.fail(Assert.java:97)
at org.testng.Assert.failNotEquals(Assert.java:969)
at org.testng.Assert.assertFalse(Assert.java:65)
at org.testng.Assert.assertFalse(Assert.java:75)
at com.RedBus.test.HomePageTest.whenClickOnRide(HomePageTest.java:35)
at java.base/jdk.internal.reflect.NativeMethodAccessorImpl.invoke0(Native Method)
at java.base/jdk.internal.reflect.NativeMethodAccessorImpl.invoke(NativeMethodAccessorImpl.java:62)
at java.base/jdk.internal.reflect.DelegatingMethodAccessorImpl.invoke(DelegatingMethodAccessorImpl.java:43)
at java.base/java.lang.reflect.Method.invoke(Method.java:566)
at org.testng.internal.MethodInvocationHelper.invokeMethod(MethodInvocationHelper.java:134)
at org.testng.internal.TestInvoker.invokeMethod(TestInvoker.java:597)
at org.testng.internal.TestInvoker.invokeTestMethod(TestInvoker.java:173)
at org.testng.internal.MethodRunner.runInSequence(MethodRunner.java:46)
at org.testng.internal.TestInvoker$MethodInvocationAgent.invoke(TestInvoker.java:816)
at org.testng.internal.TestInvoker.invokeTestMethods(TestInvoker.java:146)
at org.testng.internal.TestMethodWorker.invokeTestMethods(TestMethodWorker.java:146)
at org.testng.internal.TestMethodWorker.run(TestMethodWorker.java:128)
at java.base/java.util.ArrayList.forEach(ArrayList.java:1540)
at org.testng.TestRunner.privateRun(TestRunner.java:766)
at org.testng.TestRunner.run(TestRunner.java:587)
at org.testng.SuiteRunner.runTest(SuiteRunner.java:384)
at org.testng.SuiteRunner.runSequentially(SuiteRunner.java:378)
at org.testng.SuiteRunner.privateRun(SuiteRunner.java:337)
at org.testng.SuiteRunner.run(SuiteRunner.java:286)
at org.testng.SuiteRunnerWorker.runSuite(SuiteRunnerWorker.java:53)
at org.testng.SuiteRunnerWorker.run(SuiteRunnerWorker.java:96)
at org.testng.TestNG.runSuitesSequentially(TestNG.java:1187)
at org.testng.TestNG.runSuitesLocally(TestNG.java:1109)
at org.testng.TestNG.runSuites(TestNG.java:1039)
at org.testng.TestNG.run(TestNG.java:1007)
at org.testng.remote.AbstractRemoteTestNG.run(AbstractRemoteTestNG.java:115)
at org.testng.remote.RemoteTestNG.initAndRun(RemoteTestNG.java:251)
at org.testng.remote.RemoteTestNG.main(RemoteTestNG.java:77)
]]>
            </full-stacktrace>
          </exception> <!-- java.lang.AssertionError -->
          <reporter-output>
          </reporter-output>
        </test-method> <!-- whenClickOnRide -->
        <test-method is-config="true" signature="closeBrowser(org.testng.ITestResult)[pri:0, instance:com.RedBus.test.HomePageTest@75d3a5e0]" started-at="2023-04-12T23:36:35 IST" name="closeBrowser" finished-at="2023-04-12T23:36:36 IST" duration-ms="1033" status="PASS">
          <params>
            <param index="0">
              <value>
                <![CDATA[[TestResult name=whenClickOnRide status=FAILURE method=HomePageTest.whenClickOnRide()[pri:0, instance:com.RedBus.test.HomePageTest@75d3a5e0] output={null}]]]>
              </value>
            </param>
          </params>
          <reporter-output>
          </reporter-output>
        </test-method> <!-- closeBrowser -->
        <test-method is-config="true" signature="Initializer()[pri:0, instance:com.RedBus.test.HomePageTest@75d3a5e0]" started-at="2023-04-12T23:36:36 IST" name="Initializer" finished-at="2023-04-12T23:36:37 IST" duration-ms="1227" status="PASS">
          <reporter-output>
          </reporter-output>
        </test-method> <!-- Initializer -->
        <test-method is-config="true" signature="openBrowser()[pri:0, instance:com.RedBus.test.HomePageTest@75d3a5e0]" started-at="2023-04-12T23:36:37 IST" name="openBrowser" finished-at="2023-04-12T23:36:40 IST" duration-ms="2333" status="PASS">
          <reporter-output>
          </reporter-output>
        </test-method> <!-- openBrowser -->
        <test-method signature="whenUserclickOnRedBusLogo()[pri:0, instance:com.RedBus.test.HomePageTest@75d3a5e0]" started-at="2023-04-12T23:36:40 IST" name="whenUserclickOnRedBusLogo" finished-at="2023-04-12T23:36:44 IST" duration-ms="3926" status="PASS">
          <reporter-output>
          </reporter-output>
        </test-method> <!-- whenUserclickOnRedBusLogo -->
        <test-method is-config="true" signature="closeBrowser(org.testng.ITestResult)[pri:0, instance:com.RedBus.test.HomePageTest@75d3a5e0]" started-at="2023-04-12T23:36:44 IST" name="closeBrowser" finished-at="2023-04-12T23:36:44 IST" duration-ms="705" status="PASS">
          <params>
            <param index="0">
              <value>
                <![CDATA[[TestResult name=whenUserclickOnRedBusLogo status=SUCCESS method=HomePageTest.whenUserclickOnRedBusLogo()[pri:0, instance:com.RedBus.test.HomePageTest@75d3a5e0] output={null}]]]>
              </value>
            </param>
          </params>
          <reporter-output>
          </reporter-output>
        </test-method> <!-- closeBrowser -->
      </class> <!-- com.RedBus.test.HomePageTest -->
    </test> <!-- Test -->
  </suite> <!-- Suite -->
</testng-results>
